
  .   ____          _            __ _ _
 /\\ / ___'_ __ _ _(_)_ __  __ _ \ \ \ \
( ( )\___ | '_ | '_| | '_ \/ _` | \ \ \ \
 \\/  ___)| |_)| | | | | || (_| |  ) ) ) )
  '  |____| .__|_| |_|_| |_\__, | / / / /
 =========|_|==============|___/=/_/_/_/
 :: Spring Boot ::               (v2.7.11)

2024-08-20 17:50:46.658  INFO 8970 --- [           main] c.k.c.dataserver.DataServerApplication   : Starting DataServerApplication v1.0 using Java 1.8.0_422 on PC-zwq with PID 8970 (/mnt/c/Projects/kc/minfs_student/workpublish/dataServer/dataServer-1.0.jar started by zwq in /mnt/c/Projects/kc/minfs_student/workpublish)
2024-08-20 17:50:46.675  INFO 8970 --- [           main] c.k.c.dataserver.DataServerApplication   : No active profile set, falling back to 1 default profile: "default"
2024-08-20 17:50:51.109  INFO 8970 --- [           main] o.s.b.w.embedded.tomcat.TomcatWebServer  : Tomcat initialized with port(s): 9001 (http)
2024-08-20 17:50:51.144  INFO 8970 --- [           main] o.apache.catalina.core.StandardService   : Starting service [Tomcat]
2024-08-20 17:50:51.144  INFO 8970 --- [           main] org.apache.catalina.core.StandardEngine  : Starting Servlet engine: [Apache Tomcat/9.0.74]
2024-08-20 17:50:51.360  INFO 8970 --- [           main] o.a.c.c.C.[Tomcat].[localhost].[/]       : Initializing Spring embedded WebApplicationContext
2024-08-20 17:50:51.361  INFO 8970 --- [           main] w.s.c.ServletWebServerApplicationContext : Root WebApplicationContext: initialization completed in 4379 ms
2024-08-20 17:50:52.393  INFO 8970 --- [           main] o.a.c.f.imps.CuratorFrameworkImpl        : Starting
2024-08-20 17:50:52.442  INFO 8970 --- [           main] org.apache.zookeeper.ZooKeeper           : Client environment:zookeeper.version=3.6.0--b4c89dc7f6083829e18fae6e446907ae0b1f22d7, built on 02/25/2020 14:38 GMT
2024-08-20 17:50:52.442  INFO 8970 --- [           main] org.apache.zookeeper.ZooKeeper           : Client environment:host.name=PC-zwq.
2024-08-20 17:50:52.443  INFO 8970 --- [           main] org.apache.zookeeper.ZooKeeper           : Client environment:java.version=1.8.0_422
2024-08-20 17:50:52.444  INFO 8970 --- [           main] org.apache.zookeeper.ZooKeeper           : Client environment:java.vendor=Private Build
2024-08-20 17:50:52.444  INFO 8970 --- [           main] org.apache.zookeeper.ZooKeeper           : Client environment:java.home=/usr/lib/jvm/java-8-openjdk-amd64/jre
2024-08-20 17:50:52.445  INFO 8970 --- [           main] org.apache.zookeeper.ZooKeeper           : Client environment:java.class.path=./dataServer/dataServer-1.0.jar
2024-08-20 17:50:52.445  INFO 8970 --- [           main] org.apache.zookeeper.ZooKeeper           : Client environment:java.library.path=/usr/java/packages/lib/amd64:/usr/lib/x86_64-linux-gnu/jni:/lib/x86_64-linux-gnu:/usr/lib/x86_64-linux-gnu:/usr/lib/jni:/lib:/usr/lib
2024-08-20 17:50:52.446  INFO 8970 --- [           main] org.apache.zookeeper.ZooKeeper           : Client environment:java.io.tmpdir=/tmp
2024-08-20 17:50:52.446  INFO 8970 --- [           main] org.apache.zookeeper.ZooKeeper           : Client environment:java.compiler=<NA>
2024-08-20 17:50:52.447  INFO 8970 --- [           main] org.apache.zookeeper.ZooKeeper           : Client environment:os.name=Linux
2024-08-20 17:50:52.447  INFO 8970 --- [           main] org.apache.zookeeper.ZooKeeper           : Client environment:os.arch=amd64
2024-08-20 17:50:52.447  INFO 8970 --- [           main] org.apache.zookeeper.ZooKeeper           : Client environment:os.version=5.15.153.1-microsoft-standard-WSL2
2024-08-20 17:50:52.448  INFO 8970 --- [           main] org.apache.zookeeper.ZooKeeper           : Client environment:user.name=zwq
2024-08-20 17:50:52.448  INFO 8970 --- [           main] org.apache.zookeeper.ZooKeeper           : Client environment:user.home=/home/zwq
2024-08-20 17:50:52.449  INFO 8970 --- [           main] org.apache.zookeeper.ZooKeeper           : Client environment:user.dir=/mnt/c/Projects/kc/minfs_student/workpublish
2024-08-20 17:50:52.449  INFO 8970 --- [           main] org.apache.zookeeper.ZooKeeper           : Client environment:os.memory.free=61MB
2024-08-20 17:50:52.450  INFO 8970 --- [           main] org.apache.zookeeper.ZooKeeper           : Client environment:os.memory.max=1732MB
2024-08-20 17:50:52.450  INFO 8970 --- [           main] org.apache.zookeeper.ZooKeeper           : Client environment:os.memory.total=101MB
2024-08-20 17:50:52.470  INFO 8970 --- [           main] org.apache.zookeeper.ZooKeeper           : Initiating client connection, connectString=localhost:2181 sessionTimeout=5000 watcher=org.apache.curator.ConnectionState@43ee72e6
2024-08-20 17:50:52.497  INFO 8970 --- [           main] org.apache.zookeeper.common.X509Util     : Setting -D jdk.tls.rejectClientInitiatedRenegotiation=true to disable client-initiated TLS renegotiation
2024-08-20 17:50:52.515  INFO 8970 --- [           main] org.apache.zookeeper.ClientCnxnSocket    : jute.maxbuffer value is 1048575 Bytes
2024-08-20 17:50:52.541  INFO 8970 --- [           main] org.apache.zookeeper.ClientCnxn          : zookeeper.request.timeout value is 0. feature enabled=false
2024-08-20 17:50:52.581  INFO 8970 --- [localhost:2181)] org.apache.zookeeper.ClientCnxn          : Opening socket connection to server localhost/127.0.0.1:2181.
2024-08-20 17:50:52.581  INFO 8970 --- [localhost:2181)] org.apache.zookeeper.ClientCnxn          : SASL config status: Will not attempt to authenticate using SASL (unknown error)
2024-08-20 17:50:52.585  INFO 8970 --- [localhost:2181)] org.apache.zookeeper.ClientCnxn          : Socket connection established, initiating session, client: /127.0.0.1:40104, server: localhost/127.0.0.1:2181
2024-08-20 17:50:52.616  INFO 8970 --- [localhost:2181)] org.apache.zookeeper.ClientCnxn          : Session establishment complete on server localhost/127.0.0.1:2181, session id = 0x10001c39fe80001, negotiated timeout = 5000
2024-08-20 17:50:52.631  INFO 8970 --- [           main] o.a.c.f.imps.CuratorFrameworkImpl        : Default schema
2024-08-20 17:50:52.694  INFO 8970 --- [ain-EventThread] o.a.c.f.state.ConnectionStateManager     : State change: CONNECTED
2024-08-20 17:50:52.754  INFO 8970 --- [ain-EventThread] o.a.c.framework.imps.EnsembleTracker     : New config event received: {}
2024-08-20 17:50:52.755  INFO 8970 --- [ain-EventThread] o.a.c.framework.imps.EnsembleTracker     : New config event received: {}
2024-08-20 17:50:54.844  INFO 8970 --- [           main] o.s.b.w.embedded.tomcat.TomcatWebServer  : Tomcat started on port(s): 9001 (http) with context path ''
2024-08-20 17:50:54.878  INFO 8970 --- [           main] c.k.c.dataserver.DataServerApplication   : Started DataServerApplication in 10.727 seconds (JVM running for 12.067)
2024-08-20 17:51:16.135  INFO 8970 --- [nio-9001-exec-1] o.a.c.c.C.[Tomcat].[localhost].[/]       : Initializing Spring DispatcherServlet 'dispatcherServlet'
2024-08-20 17:51:16.136  INFO 8970 --- [nio-9001-exec-1] o.s.web.servlet.DispatcherServlet        : Initializing Servlet 'dispatcherServlet'
2024-08-20 17:51:16.137  INFO 8970 --- [nio-9001-exec-1] o.s.web.servlet.DispatcherServlet        : Completed initialization in 1 ms
