
  .   ____          _            __ _ _
 /\\ / ___'_ __ _ _(_)_ __  __ _ \ \ \ \
( ( )\___ | '_ | '_| | '_ \/ _` | \ \ \ \
 \\/  ___)| |_)| | | | | || (_| |  ) ) ) )
  '  |____| .__|_| |_|_| |_\__, | / / / /
 =========|_|==============|___/=/_/_/_/
 :: Spring Boot ::               (v2.7.11)

2024-08-20 17:50:49.830  INFO 9146 --- [           main] c.k.c.metaserver.MetaServerApplication   : Starting MetaServerApplication v1.0 using Java 1.8.0_422 on PC-zwq with PID 9146 (/mnt/c/Projects/kc/minfs_student/workpublish/metaServer/metaServer-1.0.jar started by zwq in /mnt/c/Projects/kc/minfs_student/workpublish)
2024-08-20 17:50:49.849  INFO 9146 --- [           main] c.k.c.metaserver.MetaServerApplication   : No active profile set, falling back to 1 default profile: "default"
2024-08-20 17:50:55.155  INFO 9146 --- [           main] o.s.b.w.embedded.tomcat.TomcatWebServer  : Tomcat initialized with port(s): 8001 (http)
2024-08-20 17:50:55.194  INFO 9146 --- [           main] o.apache.catalina.core.StandardService   : Starting service [Tomcat]
2024-08-20 17:50:55.195  INFO 9146 --- [           main] org.apache.catalina.core.StandardEngine  : Starting Servlet engine: [Apache Tomcat/9.0.74]
2024-08-20 17:50:55.489  INFO 9146 --- [           main] o.a.c.c.C.[Tomcat].[localhost].[/]       : Initializing Spring embedded WebApplicationContext
2024-08-20 17:50:55.489  INFO 9146 --- [           main] w.s.c.ServletWebServerApplicationContext : Root WebApplicationContext: initialization completed in 5210 ms
2024-08-20 17:50:56.398  INFO 9146 --- [           main] o.a.c.f.imps.CuratorFrameworkImpl        : Starting
2024-08-20 17:50:56.438  INFO 9146 --- [           main] org.apache.zookeeper.ZooKeeper           : Client environment:zookeeper.version=3.6.0--b4c89dc7f6083829e18fae6e446907ae0b1f22d7, built on 02/25/2020 14:38 GMT
2024-08-20 17:50:56.438  INFO 9146 --- [           main] org.apache.zookeeper.ZooKeeper           : Client environment:host.name=PC-zwq.
2024-08-20 17:50:56.438  INFO 9146 --- [           main] org.apache.zookeeper.ZooKeeper           : Client environment:java.version=1.8.0_422
2024-08-20 17:50:56.438  INFO 9146 --- [           main] org.apache.zookeeper.ZooKeeper           : Client environment:java.vendor=Private Build
2024-08-20 17:50:56.439  INFO 9146 --- [           main] org.apache.zookeeper.ZooKeeper           : Client environment:java.home=/usr/lib/jvm/java-8-openjdk-amd64/jre
2024-08-20 17:50:56.439  INFO 9146 --- [           main] org.apache.zookeeper.ZooKeeper           : Client environment:java.class.path=./metaServer/metaServer-1.0.jar
2024-08-20 17:50:56.439  INFO 9146 --- [           main] org.apache.zookeeper.ZooKeeper           : Client environment:java.library.path=/usr/java/packages/lib/amd64:/usr/lib/x86_64-linux-gnu/jni:/lib/x86_64-linux-gnu:/usr/lib/x86_64-linux-gnu:/usr/lib/jni:/lib:/usr/lib
2024-08-20 17:50:56.440  INFO 9146 --- [           main] org.apache.zookeeper.ZooKeeper           : Client environment:java.io.tmpdir=/tmp
2024-08-20 17:50:56.440  INFO 9146 --- [           main] org.apache.zookeeper.ZooKeeper           : Client environment:java.compiler=<NA>
2024-08-20 17:50:56.440  INFO 9146 --- [           main] org.apache.zookeeper.ZooKeeper           : Client environment:os.name=Linux
2024-08-20 17:50:56.441  INFO 9146 --- [           main] org.apache.zookeeper.ZooKeeper           : Client environment:os.arch=amd64
2024-08-20 17:50:56.441  INFO 9146 --- [           main] org.apache.zookeeper.ZooKeeper           : Client environment:os.version=5.15.153.1-microsoft-standard-WSL2
2024-08-20 17:50:56.441  INFO 9146 --- [           main] org.apache.zookeeper.ZooKeeper           : Client environment:user.name=zwq
2024-08-20 17:50:56.441  INFO 9146 --- [           main] org.apache.zookeeper.ZooKeeper           : Client environment:user.home=/home/zwq
2024-08-20 17:50:56.442  INFO 9146 --- [           main] org.apache.zookeeper.ZooKeeper           : Client environment:user.dir=/mnt/c/Projects/kc/minfs_student/workpublish
2024-08-20 17:50:56.442  INFO 9146 --- [           main] org.apache.zookeeper.ZooKeeper           : Client environment:os.memory.free=96MB
2024-08-20 17:50:56.443  INFO 9146 --- [           main] org.apache.zookeeper.ZooKeeper           : Client environment:os.memory.max=1732MB
2024-08-20 17:50:56.443  INFO 9146 --- [           main] org.apache.zookeeper.ZooKeeper           : Client environment:os.memory.total=116MB
2024-08-20 17:50:56.453  INFO 9146 --- [           main] org.apache.zookeeper.ZooKeeper           : Initiating client connection, connectString=localhost:2181 sessionTimeout=5000 watcher=org.apache.curator.ConnectionState@2b6faea6
2024-08-20 17:50:56.466  INFO 9146 --- [           main] org.apache.zookeeper.common.X509Util     : Setting -D jdk.tls.rejectClientInitiatedRenegotiation=true to disable client-initiated TLS renegotiation
2024-08-20 17:50:56.477  INFO 9146 --- [           main] org.apache.zookeeper.ClientCnxnSocket    : jute.maxbuffer value is 1048575 Bytes
2024-08-20 17:50:56.490  INFO 9146 --- [           main] org.apache.zookeeper.ClientCnxn          : zookeeper.request.timeout value is 0. feature enabled=false
2024-08-20 17:50:56.504  INFO 9146 --- [localhost:2181)] org.apache.zookeeper.ClientCnxn          : Opening socket connection to server localhost/127.0.0.1:2181.
2024-08-20 17:50:56.504  INFO 9146 --- [localhost:2181)] org.apache.zookeeper.ClientCnxn          : SASL config status: Will not attempt to authenticate using SASL (unknown error)
2024-08-20 17:50:56.508  INFO 9146 --- [localhost:2181)] org.apache.zookeeper.ClientCnxn          : Socket connection established, initiating session, client: /127.0.0.1:40192, server: localhost/127.0.0.1:2181
2024-08-20 17:50:56.519  INFO 9146 --- [           main] o.a.c.f.imps.CuratorFrameworkImpl        : Default schema
2024-08-20 17:50:56.526  INFO 9146 --- [localhost:2181)] org.apache.zookeeper.ClientCnxn          : Session establishment complete on server localhost/127.0.0.1:2181, session id = 0x10001c39fe80006, negotiated timeout = 5000
2024-08-20 17:50:56.558  INFO 9146 --- [ain-EventThread] o.a.c.f.state.ConnectionStateManager     : State change: CONNECTED
2024-08-20 17:50:56.587  INFO 9146 --- [ain-EventThread] o.a.c.framework.imps.EnsembleTracker     : New config event received: {}
2024-08-20 17:50:56.588  INFO 9146 --- [ain-EventThread] o.a.c.framework.imps.EnsembleTracker     : New config event received: {}
2024-08-20 17:50:56.624  INFO 9146 --- [           main] c.k.c.metaserver.services.RegistService  : register to zk center, role:slave, addr:127.0.1.1:8001
2024-08-20 17:50:56.733  INFO 9146 --- [           main] org.apache.curator.utils.Compatibility   : Using org.apache.zookeeper.server.quorum.MultipleAddresses
2024-08-20 17:50:56.751  INFO 9146 --- [           main] c.k.c.m.services.CuratorService          : debuggggggggggggggggggggggg:role:slave metaAddr:localhost:2183
2024-08-20 17:50:56.752  INFO 9146 --- [           main] o.a.c.f.imps.CuratorFrameworkImpl        : Starting
2024-08-20 17:50:56.753  INFO 9146 --- [           main] org.apache.zookeeper.ZooKeeper           : Initiating client connection, connectString=localhost:2183 sessionTimeout=5000 watcher=org.apache.curator.ConnectionState@69b2283a
2024-08-20 17:50:56.753  INFO 9146 --- [           main] org.apache.zookeeper.ClientCnxnSocket    : jute.maxbuffer value is 1048575 Bytes
2024-08-20 17:50:56.754  INFO 9146 --- [           main] org.apache.zookeeper.ClientCnxn          : zookeeper.request.timeout value is 0. feature enabled=false
2024-08-20 17:50:56.755  INFO 9146 --- [           main] o.a.c.f.imps.CuratorFrameworkImpl        : Default schema
2024-08-20 17:50:56.755  INFO 9146 --- [localhost:2183)] org.apache.zookeeper.ClientCnxn          : Opening socket connection to server localhost/127.0.0.1:2183.
2024-08-20 17:50:56.755  INFO 9146 --- [localhost:2183)] org.apache.zookeeper.ClientCnxn          : SASL config status: Will not attempt to authenticate using SASL (unknown error)
2024-08-20 17:50:56.756  INFO 9146 --- [localhost:2183)] org.apache.zookeeper.ClientCnxn          : Socket connection established, initiating session, client: /127.0.0.1:48412, server: localhost/127.0.0.1:2183
2024-08-20 17:50:56.767  INFO 9146 --- [NotifyService-0] c.k.c.metaserver.services.RegistService  : Listening.....Node created: /metaServer/master 
2024-08-20 17:50:56.771  INFO 9146 --- [localhost:2183)] org.apache.zookeeper.ClientCnxn          : Session establishment complete on server localhost/127.0.0.1:2183, session id = 0x10001c3a28a0000, negotiated timeout = 5000
2024-08-20 17:50:56.772  INFO 9146 --- [ain-EventThread] o.a.c.f.state.ConnectionStateManager     : State change: CONNECTED
2024-08-20 17:50:56.773  INFO 9146 --- [NotifyService-0] c.k.c.metaserver.services.RegistService  : Listening.....Node created: /metaServer/master/127.0.1.1:8000 
2024-08-20 17:50:56.779  INFO 9146 --- [ain-EventThread] o.a.c.framework.imps.EnsembleTracker     : New config event received: {}
2024-08-20 17:50:56.781  INFO 9146 --- [ain-EventThread] o.a.c.framework.imps.EnsembleTracker     : New config event received: {}
2024-08-20 17:50:57.705  INFO 9146 --- [           main] o.s.b.w.embedded.tomcat.TomcatWebServer  : Tomcat started on port(s): 8001 (http) with context path ''
2024-08-20 17:50:57.721  INFO 9146 --- [   scheduling-1] c.k.c.metaserver.services.FsckServices   : start fsck task....................
2024-08-20 17:50:57.730  INFO 9146 --- [           main] c.k.c.metaserver.MetaServerApplication   : Started MetaServerApplication in 10.418 seconds (JVM running for 11.919)
2024-08-20 17:51:16.660  INFO 9146 --- [nio-8001-exec-1] o.a.c.c.C.[Tomcat].[localhost].[/]       : Initializing Spring DispatcherServlet 'dispatcherServlet'
2024-08-20 17:51:16.661  INFO 9146 --- [nio-8001-exec-1] o.s.web.servlet.DispatcherServlet        : Initializing Servlet 'dispatcherServlet'
2024-08-20 17:51:16.662  INFO 9146 --- [nio-8001-exec-1] o.s.web.servlet.DispatcherServlet        : Completed initialization in 1 ms
2024-08-20 17:51:17.294 ERROR 9146 --- [nio-8001-exec-1] o.a.c.c.C.[.[.[/].[dispatcherServlet]    : Servlet.service() for servlet [dispatcherServlet] in context with path [] threw exception [Circular view path [saveMetaData]: would dispatch back to the current handler URL [/saveMetaData] again. Check your ViewResolver setup! (Hint: This may be the result of an unspecified view, due to default view name generation.)] with root cause

javax.servlet.ServletException: Circular view path [saveMetaData]: would dispatch back to the current handler URL [/saveMetaData] again. Check your ViewResolver setup! (Hint: This may be the result of an unspecified view, due to default view name generation.)
	at org.springframework.web.servlet.view.InternalResourceView.prepareForRendering(InternalResourceView.java:210) ~[spring-webmvc-5.3.27.jar!/:5.3.27]
	at org.springframework.web.servlet.view.InternalResourceView.renderMergedOutputModel(InternalResourceView.java:148) ~[spring-webmvc-5.3.27.jar!/:5.3.27]
	at org.springframework.web.servlet.view.AbstractView.render(AbstractView.java:316) ~[spring-webmvc-5.3.27.jar!/:5.3.27]
	at org.springframework.web.servlet.DispatcherServlet.render(DispatcherServlet.java:1406) ~[spring-webmvc-5.3.27.jar!/:5.3.27]
	at org.springframework.web.servlet.DispatcherServlet.processDispatchResult(DispatcherServlet.java:1150) ~[spring-webmvc-5.3.27.jar!/:5.3.27]
	at org.springframework.web.servlet.DispatcherServlet.doDispatch(DispatcherServlet.java:1089) ~[spring-webmvc-5.3.27.jar!/:5.3.27]
	at org.springframework.web.servlet.DispatcherServlet.doService(DispatcherServlet.java:965) ~[spring-webmvc-5.3.27.jar!/:5.3.27]
	at org.springframework.web.servlet.FrameworkServlet.processRequest(FrameworkServlet.java:1006) ~[spring-webmvc-5.3.27.jar!/:5.3.27]
	at org.springframework.web.servlet.FrameworkServlet.doPost(FrameworkServlet.java:909) ~[spring-webmvc-5.3.27.jar!/:5.3.27]
	at javax.servlet.http.HttpServlet.service(HttpServlet.java:555) ~[tomcat-embed-core-9.0.74.jar!/:na]
	at org.springframework.web.servlet.FrameworkServlet.service(FrameworkServlet.java:883) ~[spring-webmvc-5.3.27.jar!/:5.3.27]
	at javax.servlet.http.HttpServlet.service(HttpServlet.java:623) ~[tomcat-embed-core-9.0.74.jar!/:na]
	at org.apache.catalina.core.ApplicationFilterChain.internalDoFilter(ApplicationFilterChain.java:209) ~[tomcat-embed-core-9.0.74.jar!/:na]
	at org.apache.catalina.core.ApplicationFilterChain.doFilter(ApplicationFilterChain.java:153) ~[tomcat-embed-core-9.0.74.jar!/:na]
	at org.apache.tomcat.websocket.server.WsFilter.doFilter(WsFilter.java:51) ~[tomcat-embed-websocket-9.0.74.jar!/:na]
	at org.apache.catalina.core.ApplicationFilterChain.internalDoFilter(ApplicationFilterChain.java:178) ~[tomcat-embed-core-9.0.74.jar!/:na]
	at org.apache.catalina.core.ApplicationFilterChain.doFilter(ApplicationFilterChain.java:153) ~[tomcat-embed-core-9.0.74.jar!/:na]
	at org.springframework.web.filter.RequestContextFilter.doFilterInternal(RequestContextFilter.java:100) ~[spring-web-5.3.27.jar!/:5.3.27]
	at org.springframework.web.filter.OncePerRequestFilter.doFilter(OncePerRequestFilter.java:117) ~[spring-web-5.3.27.jar!/:5.3.27]
	at org.apache.catalina.core.ApplicationFilterChain.internalDoFilter(ApplicationFilterChain.java:178) ~[tomcat-embed-core-9.0.74.jar!/:na]
	at org.apache.catalina.core.ApplicationFilterChain.doFilter(ApplicationFilterChain.java:153) ~[tomcat-embed-core-9.0.74.jar!/:na]
	at org.springframework.web.filter.FormContentFilter.doFilterInternal(FormContentFilter.java:93) ~[spring-web-5.3.27.jar!/:5.3.27]
	at org.springframework.web.filter.OncePerRequestFilter.doFilter(OncePerRequestFilter.java:117) ~[spring-web-5.3.27.jar!/:5.3.27]
	at org.apache.catalina.core.ApplicationFilterChain.internalDoFilter(ApplicationFilterChain.java:178) ~[tomcat-embed-core-9.0.74.jar!/:na]
	at org.apache.catalina.core.ApplicationFilterChain.doFilter(ApplicationFilterChain.java:153) ~[tomcat-embed-core-9.0.74.jar!/:na]
	at org.springframework.web.filter.CharacterEncodingFilter.doFilterInternal(CharacterEncodingFilter.java:201) ~[spring-web-5.3.27.jar!/:5.3.27]
	at org.springframework.web.filter.OncePerRequestFilter.doFilter(OncePerRequestFilter.java:117) ~[spring-web-5.3.27.jar!/:5.3.27]
	at org.apache.catalina.core.ApplicationFilterChain.internalDoFilter(ApplicationFilterChain.java:178) ~[tomcat-embed-core-9.0.74.jar!/:na]
	at org.apache.catalina.core.ApplicationFilterChain.doFilter(ApplicationFilterChain.java:153) ~[tomcat-embed-core-9.0.74.jar!/:na]
	at org.apache.catalina.core.StandardWrapperValve.invoke(StandardWrapperValve.java:167) ~[tomcat-embed-core-9.0.74.jar!/:na]
	at org.apache.catalina.core.StandardContextValve.invoke(StandardContextValve.java:90) [tomcat-embed-core-9.0.74.jar!/:na]
	at org.apache.catalina.authenticator.AuthenticatorBase.invoke(AuthenticatorBase.java:481) [tomcat-embed-core-9.0.74.jar!/:na]
	at org.apache.catalina.core.StandardHostValve.invoke(StandardHostValve.java:130) [tomcat-embed-core-9.0.74.jar!/:na]
	at org.apache.catalina.valves.ErrorReportValve.invoke(ErrorReportValve.java:93) [tomcat-embed-core-9.0.74.jar!/:na]
	at org.apache.catalina.core.StandardEngineValve.invoke(StandardEngineValve.java:74) [tomcat-embed-core-9.0.74.jar!/:na]
	at org.apache.catalina.connector.CoyoteAdapter.service(CoyoteAdapter.java:343) [tomcat-embed-core-9.0.74.jar!/:na]
	at org.apache.coyote.http11.Http11Processor.service(Http11Processor.java:389) [tomcat-embed-core-9.0.74.jar!/:na]
	at org.apache.coyote.AbstractProcessorLight.process(AbstractProcessorLight.java:63) [tomcat-embed-core-9.0.74.jar!/:na]
	at org.apache.coyote.AbstractProtocol$ConnectionHandler.process(AbstractProtocol.java:926) [tomcat-embed-core-9.0.74.jar!/:na]
	at org.apache.tomcat.util.net.NioEndpoint$SocketProcessor.doRun(NioEndpoint.java:1791) [tomcat-embed-core-9.0.74.jar!/:na]
	at org.apache.tomcat.util.net.SocketProcessorBase.run(SocketProcessorBase.java:52) [tomcat-embed-core-9.0.74.jar!/:na]
	at org.apache.tomcat.util.threads.ThreadPoolExecutor.runWorker(ThreadPoolExecutor.java:1191) [tomcat-embed-core-9.0.74.jar!/:na]
	at org.apache.tomcat.util.threads.ThreadPoolExecutor$Worker.run(ThreadPoolExecutor.java:659) [tomcat-embed-core-9.0.74.jar!/:na]
	at org.apache.tomcat.util.threads.TaskThread$WrappingRunnable.run(TaskThread.java:61) [tomcat-embed-core-9.0.74.jar!/:na]
	at java.lang.Thread.run(Thread.java:750) [na:1.8.0_422]

2024-08-20 17:51:17.719  INFO 9146 --- [   scheduling-1] c.k.c.metaserver.services.FsckServices   : start fsck task....................
2024-08-20 17:51:17.908 ERROR 9146 --- [   scheduling-1] c.k.c.metaserver.services.FsckServices   : all replica is lost, path:/read/anothermsg.txt, update meta data
2024-08-20 17:51:37.717  INFO 9146 --- [   scheduling-1] c.k.c.metaserver.services.FsckServices   : start fsck task....................
2024-08-20 17:51:37.766 ERROR 9146 --- [   scheduling-1] c.k.c.metaserver.services.FsckServices   : all replica is lost, path:/read/anothermsg.txt, update meta data
2024-08-20 17:51:57.717  INFO 9146 --- [   scheduling-1] c.k.c.metaserver.services.FsckServices   : start fsck task....................
2024-08-20 17:51:57.754 ERROR 9146 --- [   scheduling-1] c.k.c.metaserver.services.FsckServices   : all replica is lost, path:/read/anothermsg.txt, update meta data
